<?xml version="1.0" encoding="UTF-8"?>
<!-- Generated by org.testng.reporters.JUnitXMLReporter -->
<testsuite ignored="0" hostname="RakeshMaled" failures="0" tests="4" name="Test" time="0.217" errors="0" timestamp="2021-07-23T13:50:13 IST">
  <testcase classname="qaclickacademy.SeleniumTest" name="Browserautomation" time="0.03"/>
  <testcase classname="qaclickacademy.SeleniumTest" name="elementsUI" time="0.001"/>
  <testcase classname="qaclickacademy.RestApiTest" name="PostJIRA" time="0.004"/>
  <testcase classname="qaclickacademy.RestApiTest" name="deleteTwitter" time="0.001"/>
</testsuite> <!-- Test -->
