<?xml version="1.0" encoding="UTF-8"?>
<testng-results ignored="0" total="4" passed="4" failed="0" skipped="0">
  <reporter-output>
  </reporter-output>
  <suite started-at="2021-07-23T13:50:12 IST" name="Suite" finished-at="2021-07-23T13:50:13 IST" duration-ms="217">
    <groups>
    </groups>
    <test started-at="2021-07-23T13:50:12 IST" name="Test" finished-at="2021-07-23T13:50:13 IST" duration-ms="217">
      <class name="qaclickacademy.RestApiTest">
        <test-method signature="PostJIRA()[pri:0, instance:qaclickacademy.RestApiTest@60611244]" started-at="2021-07-23T13:50:13 IST" name="PostJIRA" finished-at="2021-07-23T13:50:13 IST" duration-ms="4" status="PASS">
          <reporter-output>
          </reporter-output>
        </test-method> <!-- PostJIRA -->
        <test-method signature="deleteTwitter()[pri:0, instance:qaclickacademy.RestApiTest@60611244]" started-at="2021-07-23T13:50:13 IST" name="deleteTwitter" finished-at="2021-07-23T13:50:13 IST" duration-ms="1" status="PASS">
          <reporter-output>
          </reporter-output>
        </test-method> <!-- deleteTwitter -->
      </class> <!-- qaclickacademy.RestApiTest -->
      <class name="qaclickacademy.SeleniumTest">
        <test-method signature="Browserautomation()[pri:0, instance:qaclickacademy.SeleniumTest@475e586c]" started-at="2021-07-23T13:50:13 IST" name="Browserautomation" finished-at="2021-07-23T13:50:13 IST" duration-ms="30" status="PASS">
          <reporter-output>
          </reporter-output>
        </test-method> <!-- Browserautomation -->
        <test-method signature="elementsUI()[pri:0, instance:qaclickacademy.SeleniumTest@475e586c]" started-at="2021-07-23T13:50:13 IST" name="elementsUI" finished-at="2021-07-23T13:50:13 IST" duration-ms="1" status="PASS">
          <reporter-output>
          </reporter-output>
        </test-method> <!-- elementsUI -->
      </class> <!-- qaclickacademy.SeleniumTest -->
    </test> <!-- Test -->
  </suite> <!-- Suite -->
</testng-results>
